[ 33%] [32mBuilding CXX object CMakeFiles/px150_move_group_commander_node.dir/src/moveit_interface_obj.cpp.o[0m
[01m[K/home/mscrobotics2425laptop27/Documents/University/robotic_systems_design_project/RoboticDesign---Team-10/manipulator_work/manipulator_ros2_workspace/src/px150_move_group_commander/src/moveit_interface_obj.cpp:[m[K In member function â€˜[01m[Kbool interbotix::InterbotixMoveItInterface::moveit_plan_ee_position(double, double, double)[m[Kâ€™:
[01m[K/home/mscrobotics2425laptop27/Documents/University/robotic_systems_design_project/RoboticDesign---Team-10/manipulator_work/manipulator_ros2_workspace/src/px150_move_group_commander/src/moveit_interface_obj.cpp:145:37:[m[K [01;31m[Kerror: [m[Kexpected â€˜[01m[K;[m[Kâ€™ before â€˜[01m[Kmove_group[m[Kâ€™
  145 |   move_group->setGoalTolerance(0.05)
      |                                     [01;31m[K^[m[K
      |                                     [32m[K;[m[K
  146 |   [32m[Kmove_group[m[K->setNumPlanningAttempts(50);
      |   [32m[K~~~~~~~~~~[m[K                         
[01m[K/home/mscrobotics2425laptop27/Documents/University/robotic_systems_design_project/RoboticDesign---Team-10/manipulator_work/manipulator_ros2_workspace/src/px150_move_group_commander/src/moveit_interface_obj.cpp:147:34:[m[K [01;31m[Kerror: [m[Kexpected â€˜[01m[K;[m[Kâ€™ before â€˜[01m[Kgeometry_msgs[m[Kâ€™
  147 |   move_group->setPlanningTime(20)
      |                                  [01;31m[K^[m[K
      |                                  [32m[K;[m[K
......
  151 |   [32m[Kgeometry_msgs[m[K::msg::Pose pose;
      |   [32m[K~~~~~~~~~~~~~[m[K                   
[01m[K/home/mscrobotics2425laptop27/Documents/University/robotic_systems_design_project/RoboticDesign---Team-10/manipulator_work/manipulator_ros2_workspace/src/px150_move_group_commander/src/moveit_interface_obj.cpp:152:3:[m[K [01;31m[Kerror: [m[Kâ€˜[01m[Kpose[m[Kâ€™ was not declared in this scope
  152 |   [01;31m[Kpose[m[K.position.x = x;
      |   [01;31m[K^~~~[m[K
gmake[2]: *** [CMakeFiles/px150_move_group_commander_node.dir/build.make:90: CMakeFiles/px150_move_group_commander_node.dir/src/moveit_interface_obj.cpp.o] Error 1
gmake[1]: *** [CMakeFiles/Makefile2:137: CMakeFiles/px150_move_group_commander_node.dir/all] Error 2
gmake: *** [Makefile:146: all] Error 2
