<?xml version="1.0" encoding="UTF-8"?>
<testsuite name="cv_bridge" tests="1" failures="0" time="0.847" errors="1" skipped="0">
  <testcase classname="cv_bridge" name="enumerants.py.xunit.missing_result" time="0.847">
    <error message="The test did not generate a result file:&#10;&#10;============================= test session starts ==============================&#10;platform linux -- Python 3.10.12, pytest-6.2.5, py-1.10.0, pluggy-0.13.0&#10;cachedir: /home/mscrobotics2425laptop7/openCV_ros2/build/cv_bridge/test/ament_cmake_pytest/enumerants.py/.cache&#10;rootdir: /home/mscrobotics2425laptop7/openCV_ros2/src/vision_opencv, configfile: pytest.ini&#10;plugins: launch-testing-1.0.6, ament-xmllint-0.12.11, ament-flake8-0.12.11, ament-copyright-0.12.11, launch-testing-ros-0.19.7, ament-pep257-0.12.11, ament-lint-0.12.11, cov-3.0.0, colcon-core-0.18.1&#10;&#10;A module that was compiled using NumPy 1.x cannot be run in&#10;NumPy 2.1.3 as it may crash. To support both 1.x and 2.x&#10;versions of NumPy, modules must be compiled with NumPy 2.0.&#10;Some module may need to rebuild instead e.g. with 'pybind11&gt;=2.12'.&#10;&#10;If you are a user of the module, the easiest solution will be to&#10;downgrade to 'numpy&lt;2' or try to upgrade the affected module.&#10;We expect that some modules will need time to support NumPy 2.&#10;&#10;Traceback (most recent call last):  File &quot;/usr/lib/python3.10/runpy.py&quot;, line 196, in _run_module_as_main&#10;    return _run_code(code, main_globals, None,&#10;  File &quot;/usr/lib/python3.10/runpy.py&quot;, line 86, in _run_code&#10;    exec(code, run_globals)&#10;  File &quot;/usr/lib/python3/dist-packages/pytest/__main__.py&quot;, line 5, in &lt;module&gt;&#10;    raise SystemExit(pytest.console_main())&#10;  File &quot;/usr/lib/python3/dist-packages/_pytest/config/__init__.py&quot;, line 185, in console_main&#10;    code = main()&#10;  File &quot;/usr/lib/python3/dist-packages/_pytest/config/__init__.py&quot;, line 162, in main&#10;    ret: Union[ExitCode, int] = config.hook.pytest_cmdline_main(&#10;  File &quot;/usr/lib/python3/dist-packages/pluggy/hooks.py&quot;, line 286, in __call__&#10;    return self._hookexec(self, self.get_hookimpls(), kwargs)&#10;  File &quot;/usr/lib/python3/dist-packages/pluggy/manager.py&quot;, line 92, in _hookexec&#10;    return self._inner_hookexec(hook, methods, kwargs)&#10;  File &quot;/usr/lib/python3/dist-packages/pluggy/manager.py&quot;, line 83, in &lt;lambda&gt;&#10;    self._inner_hookexec = lambda hook, methods, kwargs: hook.multicall(&#10;  File &quot;/usr/lib/python3/dist-packages/pluggy/callers.py&quot;, line 187, in _multicall&#10;    res = hook_impl.function(*args)&#10;  File &quot;/usr/lib/python3/dist-packages/_pytest/main.py&quot;, line 316, in pytest_cmdline_main&#10;    return wrap_session(config, _main)&#10;  File &quot;/usr/lib/python3/dist-packages/_pytest/main.py&quot;, line 269, in wrap_session&#10;    session.exitstatus = doit(config, session) or 0&#10;  File &quot;/usr/lib/python3/dist-packages/_pytest/main.py&quot;, line 322, in _main&#10;    config.hook.pytest_collection(session=session)&#10;  File &quot;/usr/lib/python3/dist-packages/pluggy/hooks.py&quot;, line 286, in __call__&#10;    return self._hookexec(self, self.get_hookimpls(), kwargs)&#10;  File &quot;/usr/lib/python3/dist-packages/pluggy/manager.py&quot;, line 92, in _hookexec&#10;    return self._inner_hookexec(hook, methods, kwargs)&#10;  File &quot;/usr/lib/python3/dist-packages/pluggy/manager.py&quot;, line 83, in &lt;lambda&gt;&#10;    self._inner_hookexec = lambda hook, methods, kwargs: hook.multicall(&#10;  File &quot;/usr/lib/python3/dist-packages/pluggy/callers.py&quot;, line 187, in _multicall&#10;    res = hook_impl.function(*args)&#10;  File &quot;/usr/lib/python3/dist-packages/_pytest/main.py&quot;, line 333, in pytest_collection&#10;    session.perform_collect()&#10;  File &quot;/usr/lib/python3/dist-packages/_pytest/main.py&quot;, line 620, in perform_collect&#10;    rep = collect_one_node(self)&#10;  File &quot;/usr/lib/python3/dist-packages/_pytest/runner.py&quot;, line 458, in collect_one_node&#10;    rep: CollectReport = ihook.pytest_make_collect_report(collector=collector)&#10;  File &quot;/usr/lib/python3/dist-packages/pluggy/hooks.py&quot;, line 286, in __call__&#10;    return self._hookexec(self, self.get_hookimpls(), kwargs)&#10;  File &quot;/usr/lib/python3/dist-packages/pluggy/manager.py&quot;, line 92, in _hookexec&#10;    return self._inner_hookexec(hook, methods, kwargs)&#10;  File &quot;/usr/lib/python3/dist-packages/pluggy/manager.py&quot;, line 83, in &lt;lambda&gt;&#10;    self._inner_hookexec = lambda hook, methods, kwargs: hook.multicall(&#10;  File &quot;/usr/lib/python3/dist-packages/pluggy/callers.py&quot;, line 187, in _multicall&#10;    res = hook_impl.function(*args)&#10;  File &quot;/usr/lib/python3/dist-packages/_pytest/runner.py&quot;, line 341, in pytest_make_collect_report&#10;    call = CallInfo.from_call(lambda: list(collector.collect()), &quot;collect&quot;)&#10;  File &quot;/usr/lib/python3/dist-packages/_pytest/runner.py&quot;, line 311, in from_call&#10;    result: Optional[TResult] = func()&#10;  File &quot;/usr/lib/python3/dist-packages/_pytest/runner.py&quot;, line 341, in &lt;lambda&gt;&#10;    call = CallInfo.from_call(lambda: list(collector.collect()), &quot;collect&quot;)&#10;  File &quot;/usr/lib/python3/dist-packages/_pytest/main.py&quot;, line 724, in collect&#10;    col = collect_root._collectfile(argpath, handle_dupes=False)&#10;  File &quot;/usr/lib/python3/dist-packages/_pytest/main.py&quot;, line 565, in _collectfile&#10;    return ihook.pytest_collect_file(path=path, parent=self)  # type: ignore[no-any-return]&#10;  File &quot;/usr/lib/python3/dist-packages/pluggy/hooks.py&quot;, line 286, in __call__&#10;    return self._hookexec(self, self.get_hookimpls(), kwargs)&#10;  File &quot;/usr/lib/python3/dist-packages/pluggy/manager.py&quot;, line 92, in _hookexec&#10;    return self._inner_hookexec(hook, methods, kwargs)&#10;  File &quot;/usr/lib/python3/dist-packages/pluggy/manager.py&quot;, line 83, in &lt;lambda&gt;&#10;    self._inner_hookexec = lambda hook, methods, kwargs: hook.multicall(&#10;  File &quot;/usr/lib/python3/dist-packages/pluggy/callers.py&quot;, line 187, in _multicall&#10;    res = hook_impl.function(*args)&#10;  File &quot;/usr/lib/python3/dist-packages/_pytest/python.py&quot;, line 200, in pytest_collect_file&#10;    module: Module = ihook.pytest_pycollect_makemodule(path=path, parent=parent)&#10;  File &quot;/usr/lib/python3/dist-packages/pluggy/hooks.py&quot;, line 286, in __call__&#10;    return self._hookexec(self, self.get_hookimpls(), kwargs)&#10;  File &quot;/usr/lib/python3/dist-packages/pluggy/manager.py&quot;, line 92, in _hookexec&#10;    return self._inner_hookexec(hook, methods, kwargs)&#10;  File &quot;/usr/lib/python3/dist-packages/pluggy/manager.py&quot;, line 83, in &lt;lambda&gt;&#10;    self._inner_hookexec = lambda hook, methods, kwargs: hook.multicall(&#10;  File &quot;/usr/lib/python3/dist-packages/pluggy/callers.py&quot;, line 187, in _multicall&#10;    res = hook_impl.function(*args)&#10;  File &quot;/opt/ros/humble/lib/python3.10/site-packages/launch_testing/pytest/hooks.py&quot;, line 193, in pytest_pycollect_makemodule&#10;    entrypoint = find_launch_test_entrypoint(path)&#10;  File &quot;/opt/ros/humble/lib/python3.10/site-packages/launch_testing/pytest/hooks.py&quot;, line 186, in find_launch_test_entrypoint&#10;    module = path.pyimport()&#10;  File &quot;/usr/lib/python3/dist-packages/py/_path/local.py&quot;, line 704, in pyimport&#10;    __import__(modname)&#10;  File &quot;/usr/lib/python3/dist-packages/_pytest/assertion/rewrite.py&quot;, line 170, in exec_module&#10;    exec(co, module.__dict__)&#10;  File &quot;/home/mscrobotics2425laptop7/openCV_ros2/src/vision_opencv/cv_bridge/test/enumerants.py&quot;, line 4, in &lt;module&gt;&#10;    from cv_bridge import CvBridge, CvBridgeError, getCvType&#10;  File &quot;/home/mscrobotics2425laptop7/openCV_ros2/install/cv_bridge/local/lib/python3.10/dist-packages/cv_bridge/__init__.py&quot;, line 6, in &lt;module&gt;&#10;    from cv_bridge.boost.cv_bridge_boost import cvtColorForDisplay, getCvType&#10;AttributeError: _ARRAY_API not found&#10;collected 2 items&#10;&#10;../../../src/vision_opencv/cv_bridge/test/enumerants.py Fatal Python error: Segmentation fault&#10;&#10;Current thread 0x0000759c5fbf91c0 (most recent call first):&#10;  File &quot;/home/mscrobotics2425laptop7/openCV_ros2/install/cv_bridge/local/lib/python3.10/dist-packages/cv_bridge/core.py&quot;, line 194 in imgmsg_to_cv2&#10;  File &quot;/home/mscrobotics2425laptop7/openCV_ros2/src/vision_opencv/cv_bridge/test/enumerants.py&quot;, line 19 in test_enumerants_cv2&#10;  File &quot;/usr/lib/python3.10/unittest/case.py&quot;, line 549 in _callTestMethod&#10;  File &quot;/usr/lib/python3.10/unittest/case.py&quot;, line 591 in run&#10;  File &quot;/usr/lib/python3.10/unittest/case.py&quot;, line 650 in __call__&#10;  File &quot;/usr/lib/python3/dist-packages/_pytest/unittest.py&quot;, line 321 in runtest&#10;  File &quot;/usr/lib/python3/dist-packages/_pytest/runner.py&quot;, line 162 in pytest_runtest_call&#10;  File &quot;/usr/lib/python3/dist-packages/pluggy/callers.py&quot;, line 187 in _multicall&#10;  File &quot;/usr/lib/python3/dist-packages/pluggy/manager.py&quot;, line 83 in &lt;lambda&gt;&#10;  File &quot;/usr/lib/python3/dist-packages/pluggy/manager.py&quot;, line 92 in _hookexec&#10;  File &quot;/usr/lib/python3/dist-packages/pluggy/hooks.py&quot;, line 286 in __call__&#10;  File &quot;/usr/lib/python3/dist-packages/_pytest/runner.py&quot;, line 255 in &lt;lambda&gt;&#10;  File &quot;/usr/lib/python3/dist-packages/_pytest/runner.py&quot;, line 311 in from_call&#10;  File &quot;/usr/lib/python3/dist-packages/_pytest/runner.py&quot;, line 254 in call_runtest_hook&#10;  File &quot;/usr/lib/python3/dist-packages/_pytest/runner.py&quot;, line 215 in call_and_report&#10;  File &quot;/usr/lib/python3/dist-packages/_pytest/runner.py&quot;, line 126 in runtestprotocol&#10;  File &quot;/usr/lib/python3/dist-packages/_pytest/runner.py&quot;, line 109 in pytest_runtest_protocol&#10;  File &quot;/usr/lib/python3/dist-packages/pluggy/callers.py&quot;, line 187 in _multicall&#10;  File &quot;/usr/lib/python3/dist-packages/pluggy/manager.py&quot;, line 83 in &lt;lambda&gt;&#10;  File &quot;/usr/lib/python3/dist-packages/pluggy/manager.py&quot;, line 92 in _hookexec&#10;  File &quot;/usr/lib/python3/dist-packages/pluggy/hooks.py&quot;, line 286 in __call__&#10;  File &quot;/usr/lib/python3/dist-packages/_pytest/main.py&quot;, line 348 in pytest_runtestloop&#10;  File &quot;/usr/lib/python3/dist-packages/pluggy/callers.py&quot;, line 187 in _multicall&#10;  File &quot;/usr/lib/python3/dist-packages/pluggy/manager.py&quot;, line 83 in &lt;lambda&gt;&#10;  File &quot;/usr/lib/python3/dist-packages/pluggy/manager.py&quot;, line 92 in _hookexec&#10;  File &quot;/usr/lib/python3/dist-packages/pluggy/hooks.py&quot;, line 286 in __call__&#10;  File &quot;/usr/lib/python3/dist-packages/_pytest/main.py&quot;, line 323 in _main&#10;  File &quot;/usr/lib/python3/dist-packages/_pytest/main.py&quot;, line 269 in wrap_session&#10;  File &quot;/usr/lib/python3/dist-packages/_pytest/main.py&quot;, line 316 in pytest_cmdline_main&#10;  File &quot;/usr/lib/python3/dist-packages/pluggy/callers.py&quot;, line 187 in _multicall&#10;  File &quot;/usr/lib/python3/dist-packages/pluggy/manager.py&quot;, line 83 in &lt;lambda&gt;&#10;  File &quot;/usr/lib/python3/dist-packages/pluggy/manager.py&quot;, line 92 in _hookexec&#10;  File &quot;/usr/lib/python3/dist-packages/pluggy/hooks.py&quot;, line 286 in __call__&#10;  File &quot;/usr/lib/python3/dist-packages/_pytest/config/__init__.py&quot;, line 162 in main&#10;  File &quot;/usr/lib/python3/dist-packages/_pytest/config/__init__.py&quot;, line 185 in console_main&#10;  File &quot;/usr/lib/python3/dist-packages/pytest/__main__.py&quot;, line 5 in &lt;module&gt;&#10;  File &quot;/usr/lib/python3.10/runpy.py&quot;, line 86 in _run_code&#10;  File &quot;/usr/lib/python3.10/runpy.py&quot;, line 196 in _run_module_as_main&#10;&#10;Extension modules: yaml._yaml, numpy._core._multiarray_umath, numpy.linalg._umath_linalg, apt_pkg, cv_bridge.boost.cv_bridge_boost (total: 5)&#10;"/>
  </testcase>
</testsuite>
