[01m[K/home/mscrobotics2425laptop27/Documents/University/robotic_systems_design_project/RoboticDesign---Team-10/manipulator_work/manipulator_ros2_workspace/src/px150_move_group_commander/src/px150_move_group_commander_node.cpp:[m[K In function â€˜[01m[Kint main(int, char**)[m[Kâ€™:
[01m[K/home/mscrobotics2425laptop27/Documents/University/robotic_systems_design_project/RoboticDesign---Team-10/manipulator_work/manipulator_ros2_workspace/src/px150_move_group_commander/src/px150_move_group_commander_node.cpp:44:3:[m[K [01;31m[Kerror: [m[Kâ€˜[01m[KRCLCPP_ERR[m[Kâ€™ was not declared in this scope; did you mean â€˜[01m[KRCLCPP_ERROR[m[Kâ€™?
   44 |   [01;31m[KRCLCPP_ERR[m[K
      |   [01;31m[K^~~~~~~~~~[m[K
      |   [32m[KRCLCPP_ERROR[m[K
[01m[K/home/mscrobotics2425laptop27/Documents/University/robotic_systems_design_project/RoboticDesign---Team-10/manipulator_work/manipulator_ros2_workspace/src/px150_move_group_commander/src/px150_move_group_commander_node.cpp:48:2:[m[K [01;31m[Kerror: [m[Kexpected â€˜[01m[K}[m[Kâ€™ at end of input
   48 | }
      |  [01;31m[K^[m[K
[01m[K/home/mscrobotics2425laptop27/Documents/University/robotic_systems_design_project/RoboticDesign---Team-10/manipulator_work/manipulator_ros2_workspace/src/px150_move_group_commander/src/px150_move_group_commander_node.cpp:7:1:[m[K [01;36m[Knote: [m[Kto match this â€˜[01m[K{[m[Kâ€™
    7 | [01;36m[K{[m[K
      | [01;36m[K^[m[K
gmake[2]: *** [CMakeFiles/px150_move_group_commander_node.dir/build.make:76: CMakeFiles/px150_move_group_commander_node.dir/src/px150_move_group_commander_node.cpp.o] Error 1
gmake[1]: *** [CMakeFiles/Makefile2:137: CMakeFiles/px150_move_group_commander_node.dir/all] Error 2
gmake: *** [Makefile:146: all] Error 2
