<?xml version="1.0" encoding="UTF-8"?>
<Site BuildName="(empty)"
	BuildStamp="20250402-1137-Experimental"
	Name="e-10lux4295w1s"
	Generator="ctest-3.25.1"
	CompilerName="/usr/bin/c++"
	CompilerVersion="11.4.0"
	OSName="Linux"
	Hostname="e-10lux4295w1s"
	OSRelease="6.8.0-52-generic"
	OSVersion="#53~22.04.1-Ubuntu SMP PREEMPT_DYNAMIC Wed Jan 15 19:18:46 UTC 2"
	OSPlatform="x86_64"
	Is64Bits="1"
	VendorString="GenuineIntel"
	VendorID="Intel Corporation"
	FamilyID="6"
	ModelID="186"
	ProcessorCacheSize="12288"
	NumberOfLogicalCPU="12"
	NumberOfPhysicalCPU="10"
	TotalVirtualMemory="1955"
	TotalPhysicalMemory="15625"
	LogicalProcessorsPerPhysical="1"
	ProcessorClockFrequency="2354.85"
	>
	<Testing>
		<StartDateTime>Apr 02 23:49 BST</StartDateTime>
		<StartTestTime>1743634184</StartTestTime>
		<TestList/>
		<EndDateTime>Apr 02 23:49 BST</EndDateTime>
		<EndTestTime>1743634184</EndTestTime>
		<ElapsedMinutes>0</ElapsedMinutes>
	</Testing>
</Site>
