<?xml version="1.0" encoding="UTF-8"?>
<Site BuildName="(empty)"
	BuildStamp="20250430-1158-Experimental"
	Name="e-10lux4295w1s"
	Generator="ctest-3.25.1"
	CompilerName="/usr/bin/c++"
	CompilerVersion="11.4.0"
	OSName="Linux"
	Hostname="e-10lux4295w1s"
	OSRelease="6.8.0-57-generic"
	OSVersion="#59~22.04.1-Ubuntu SMP PREEMPT_DYNAMIC Wed Mar 19 17:07:41 UTC 2"
	OSPlatform="x86_64"
	Is64Bits="1"
	VendorString="GenuineIntel"
	VendorID="Intel Corporation"
	FamilyID="6"
	ModelID="186"
	ProcessorCacheSize="12288"
	NumberOfLogicalCPU="12"
	NumberOfPhysicalCPU="10"
	TotalVirtualMemory="1955"
	TotalPhysicalMemory="15625"
	LogicalProcessorsPerPhysical="1"
	ProcessorClockFrequency="1195.17"
	>
	<Testing>
		<StartDateTime>Apr 30 12:59 BST</StartDateTime>
		<StartTestTime>1746014354</StartTestTime>
		<TestList/>
		<EndDateTime>Apr 30 12:59 BST</EndDateTime>
		<EndTestTime>1746014354</EndTestTime>
		<ElapsedMinutes>0</ElapsedMinutes>
	</Testing>
</Site>
