<?xml version="1.0" encoding="UTF-8"?>
<Site BuildName="(empty)"
	BuildStamp="20241129-1047-Experimental"
	Name="e-10lux4295w2r"
	Generator="ctest-3.22.1"
	CompilerName="/usr/bin/c++"
	CompilerVersion="11.4.0"
	OSName="Linux"
	Hostname="e-10lux4295w2r"
	OSRelease="6.8.0-49-generic"
	OSVersion="#49~22.04.1-Ubuntu SMP PREEMPT_DYNAMIC Wed Nov  6 17:42:15 UTC 2"
	OSPlatform="x86_64"
	Is64Bits="1"
	VendorString="GenuineIntel"
	VendorID="Intel Corporation"
	FamilyID="6"
	ModelID="186"
	ProcessorCacheSize="12288"
	NumberOfLogicalCPU="12"
	NumberOfPhysicalCPU="10"
	TotalVirtualMemory="1955"
	TotalPhysicalMemory="15625"
	LogicalProcessorsPerPhysical="1"
	ProcessorClockFrequency="1837.75"
	>
	<Testing>
		<StartDateTime>Nov 29 10:47 GMT</StartDateTime>
		<StartTestTime>1732877253</StartTestTime>
		<TestList>
			<Test>./test/cv_bridge-utest</Test>
			<Test>./test/enumerants.py</Test>
			<Test>./test/conversions.py</Test>
			<Test>./test/python_bindings.py</Test>
		</TestList>
		<Test Status="passed">
			<Name>cv_bridge-utest</Name>
			<Path>./test</Path>
			<FullName>./test/cv_bridge-utest</FullName>
			<FullCommandLine>/usr/bin/python3 "-u" "/opt/ros/humble/share/ament_cmake_test/cmake/run_test.py" "/home/mscrobotics2425laptop7/openCV_ros2/build/cv_bridge/test_results/cv_bridge/cv_bridge-utest.gtest.xml" "--package-name" "cv_bridge" "--output-file" "/home/mscrobotics2425laptop7/openCV_ros2/build/cv_bridge/ament_cmake_gtest/cv_bridge-utest.txt" "--append-env" "LD_LIBRARY_PATH=/home/mscrobotics2425laptop7/openCV_ros2/build/cv_bridge/src" "--command" "/home/mscrobotics2425laptop7/openCV_ros2/build/cv_bridge/test/cv_bridge-utest" "--gtest_output=xml:/home/mscrobotics2425laptop7/openCV_ros2/build/cv_bridge/test_results/cv_bridge/cv_bridge-utest.gtest.xml"</FullCommandLine>
			<Results>
				<NamedMeasurement type="numeric/double" name="Execution Time">
					<Value>0.59387</Value>
				</NamedMeasurement>
				<NamedMeasurement type="numeric/double" name="Processors">
					<Value>1</Value>
				</NamedMeasurement>
				<NamedMeasurement type="text/string" name="Completion Status">
					<Value>Completed</Value>
				</NamedMeasurement>
				<NamedMeasurement type="text/string" name="Command Line">
					<Value>/usr/bin/python3 "-u" "/opt/ros/humble/share/ament_cmake_test/cmake/run_test.py" "/home/mscrobotics2425laptop7/openCV_ros2/build/cv_bridge/test_results/cv_bridge/cv_bridge-utest.gtest.xml" "--package-name" "cv_bridge" "--output-file" "/home/mscrobotics2425laptop7/openCV_ros2/build/cv_bridge/ament_cmake_gtest/cv_bridge-utest.txt" "--append-env" "LD_LIBRARY_PATH=/home/mscrobotics2425laptop7/openCV_ros2/build/cv_bridge/src" "--command" "/home/mscrobotics2425laptop7/openCV_ros2/build/cv_bridge/test/cv_bridge-utest" "--gtest_output=xml:/home/mscrobotics2425laptop7/openCV_ros2/build/cv_bridge/test_results/cv_bridge/cv_bridge-utest.gtest.xml"</Value>
				</NamedMeasurement>
				<NamedMeasurement type="text/string" name="Environment">
					<Value>#CTEST_RESOURCE_GROUP_COUNT=</Value>
				</NamedMeasurement>
				<Measurement>
					<Value>-- run_test.py: extra environment variables to append:
 - LD_LIBRARY_PATH+=/home/mscrobotics2425laptop7/openCV_ros2/build/cv_bridge/src
-- run_test.py: invoking following command in '/home/mscrobotics2425laptop7/openCV_ros2/build/cv_bridge/test':
 - /home/mscrobotics2425laptop7/openCV_ros2/build/cv_bridge/test/cv_bridge-utest --gtest_output=xml:/home/mscrobotics2425laptop7/openCV_ros2/build/cv_bridge/test_results/cv_bridge/cv_bridge-utest.gtest.xml
[==========] Running 9 tests from 3 test suites.
[----------] Global test environment set-up.
[----------] 7 tests from CvBridgeTest
[ RUN      ] CvBridgeTest.endianness
[       OK ] CvBridgeTest.endianness (1 ms)
[ RUN      ] CvBridgeTest.compression
[       OK ] CvBridgeTest.compression (29 ms)
[ RUN      ] CvBridgeTest.NonContinuous
[       OK ] CvBridgeTest.NonContinuous (0 ms)
[ RUN      ] CvBridgeTest.ChannelOrder
[       OK ] CvBridgeTest.ChannelOrder (2 ms)
[ RUN      ] CvBridgeTest.initialization
[       OK ] CvBridgeTest.initialization (9 ms)
[ RUN      ] CvBridgeTest.imageMessageStep
[       OK ] CvBridgeTest.imageMessageStep (0 ms)
[ RUN      ] CvBridgeTest.imageMessageConversion
[       OK ] CvBridgeTest.imageMessageConversion (2 ms)
[----------] 7 tests from CvBridgeTest (43 ms total)

[----------] 1 test from OpencvTests
[ RUN      ] OpencvTests.testCase_encode_decode
[       OK ] OpencvTests.testCase_encode_decode (394 ms)
[----------] 1 test from OpencvTests (394 ms total)

[----------] 1 test from RGBColors
[ RUN      ] RGBColors.testGetRGBColor
[       OK ] RGBColors.testGetRGBColor (0 ms)
[----------] 1 test from RGBColors (0 ms total)

[----------] Global test environment tear-down
[==========] 9 tests from 3 test suites ran. (437 ms total)
[  PASSED  ] 9 tests.
-- run_test.py: return code 0
-- run_test.py: inject classname prefix into gtest result file '/home/mscrobotics2425laptop7/openCV_ros2/build/cv_bridge/test_results/cv_bridge/cv_bridge-utest.gtest.xml'
-- run_test.py: verify result file '/home/mscrobotics2425laptop7/openCV_ros2/build/cv_bridge/test_results/cv_bridge/cv_bridge-utest.gtest.xml'
</Value>
				</Measurement>
			</Results>
			<Labels>
				<Label>gtest</Label>
			</Labels>
		</Test>
		<Test Status="failed">
			<Name>enumerants.py</Name>
			<Path>./test</Path>
			<FullName>./test/enumerants.py</FullName>
			<FullCommandLine>/usr/bin/python3 "-u" "/opt/ros/humble/share/ament_cmake_test/cmake/run_test.py" "/home/mscrobotics2425laptop7/openCV_ros2/build/cv_bridge/test_results/cv_bridge/enumerants.py.xunit.xml" "--package-name" "cv_bridge" "--output-file" "/home/mscrobotics2425laptop7/openCV_ros2/build/cv_bridge/ament_cmake_pytest/enumerants.py.txt" "--command" "/usr/bin/python3" "-u" "-m" "pytest" "/home/mscrobotics2425laptop7/openCV_ros2/src/vision_opencv/cv_bridge/test/enumerants.py" "-o" "cache_dir=/home/mscrobotics2425laptop7/openCV_ros2/build/cv_bridge/test/ament_cmake_pytest/enumerants.py/.cache" "--junit-xml=/home/mscrobotics2425laptop7/openCV_ros2/build/cv_bridge/test_results/cv_bridge/enumerants.py.xunit.xml" "--junit-prefix=cv_bridge"</FullCommandLine>
			<Results>
				<NamedMeasurement type="text/string" name="Exit Code">
					<Value>Failed</Value>
				</NamedMeasurement>
				<NamedMeasurement type="text/string" name="Exit Value">
					<Value>1</Value>
				</NamedMeasurement>
				<NamedMeasurement type="numeric/double" name="Execution Time">
					<Value>3.16452</Value>
				</NamedMeasurement>
				<NamedMeasurement type="numeric/double" name="Processors">
					<Value>1</Value>
				</NamedMeasurement>
				<NamedMeasurement type="text/string" name="Completion Status">
					<Value>Completed</Value>
				</NamedMeasurement>
				<NamedMeasurement type="text/string" name="Command Line">
					<Value>/usr/bin/python3 "-u" "/opt/ros/humble/share/ament_cmake_test/cmake/run_test.py" "/home/mscrobotics2425laptop7/openCV_ros2/build/cv_bridge/test_results/cv_bridge/enumerants.py.xunit.xml" "--package-name" "cv_bridge" "--output-file" "/home/mscrobotics2425laptop7/openCV_ros2/build/cv_bridge/ament_cmake_pytest/enumerants.py.txt" "--command" "/usr/bin/python3" "-u" "-m" "pytest" "/home/mscrobotics2425laptop7/openCV_ros2/src/vision_opencv/cv_bridge/test/enumerants.py" "-o" "cache_dir=/home/mscrobotics2425laptop7/openCV_ros2/build/cv_bridge/test/ament_cmake_pytest/enumerants.py/.cache" "--junit-xml=/home/mscrobotics2425laptop7/openCV_ros2/build/cv_bridge/test_results/cv_bridge/enumerants.py.xunit.xml" "--junit-prefix=cv_bridge"</Value>
				</NamedMeasurement>
				<NamedMeasurement type="text/string" name="Environment">
					<Value>#CTEST_RESOURCE_GROUP_COUNT=</Value>
				</NamedMeasurement>
				<Measurement>
					<Value>-- run_test.py: invoking following command in '/home/mscrobotics2425laptop7/openCV_ros2/build/cv_bridge/test':
 - /usr/bin/python3 -u -m pytest /home/mscrobotics2425laptop7/openCV_ros2/src/vision_opencv/cv_bridge/test/enumerants.py -o cache_dir=/home/mscrobotics2425laptop7/openCV_ros2/build/cv_bridge/test/ament_cmake_pytest/enumerants.py/.cache --junit-xml=/home/mscrobotics2425laptop7/openCV_ros2/build/cv_bridge/test_results/cv_bridge/enumerants.py.xunit.xml --junit-prefix=cv_bridge
============================= test session starts ==============================
platform linux -- Python 3.10.12, pytest-6.2.5, py-1.10.0, pluggy-0.13.0
cachedir: /home/mscrobotics2425laptop7/openCV_ros2/build/cv_bridge/test/ament_cmake_pytest/enumerants.py/.cache
rootdir: /home/mscrobotics2425laptop7/openCV_ros2/src/vision_opencv, configfile: pytest.ini
plugins: launch-testing-1.0.6, ament-xmllint-0.12.11, ament-flake8-0.12.11, ament-copyright-0.12.11, launch-testing-ros-0.19.7, ament-pep257-0.12.11, ament-lint-0.12.11, cov-3.0.0, colcon-core-0.18.1

A module that was compiled using NumPy 1.x cannot be run in
NumPy 2.1.3 as it may crash. To support both 1.x and 2.x
versions of NumPy, modules must be compiled with NumPy 2.0.
Some module may need to rebuild instead e.g. with 'pybind11&gt;=2.12'.

If you are a user of the module, the easiest solution will be to
downgrade to 'numpy&lt;2' or try to upgrade the affected module.
We expect that some modules will need time to support NumPy 2.

Traceback (most recent call last):  File "/usr/lib/python3.10/runpy.py", line 196, in _run_module_as_main
    return _run_code(code, main_globals, None,
  File "/usr/lib/python3.10/runpy.py", line 86, in _run_code
    exec(code, run_globals)
  File "/usr/lib/python3/dist-packages/pytest/__main__.py", line 5, in &lt;module&gt;
    raise SystemExit(pytest.console_main())
  File "/usr/lib/python3/dist-packages/_pytest/config/__init__.py", line 185, in console_main
    code = main()
  File "/usr/lib/python3/dist-packages/_pytest/config/__init__.py", line 162, in main
    ret: Union[ExitCode, int] = config.hook.pytest_cmdline_main(
  File "/usr/lib/python3/dist-packages/pluggy/hooks.py", line 286, in __call__
    return self._hookexec(self, self.get_hookimpls(), kwargs)
  File "/usr/lib/python3/dist-packages/pluggy/manager.py", line 92, in _hookexec
    return self._inner_hookexec(hook, methods, kwargs)
  File "/usr/lib/python3/dist-packages/pluggy/manager.py", line 83, in &lt;lambda&gt;
    self._inner_hookexec = lambda hook, methods, kwargs: hook.multicall(
  File "/usr/lib/python3/dist-packages/pluggy/callers.py", line 187, in _multicall
    res = hook_impl.function(*args)
  File "/usr/lib/python3/dist-packages/_pytest/main.py", line 316, in pytest_cmdline_main
    return wrap_session(config, _main)
  File "/usr/lib/python3/dist-packages/_pytest/main.py", line 269, in wrap_session
    session.exitstatus = doit(config, session) or 0
  File "/usr/lib/python3/dist-packages/_pytest/main.py", line 322, in _main
    config.hook.pytest_collection(session=session)
  File "/usr/lib/python3/dist-packages/pluggy/hooks.py", line 286, in __call__
    return self._hookexec(self, self.get_hookimpls(), kwargs)
  File "/usr/lib/python3/dist-packages/pluggy/manager.py", line 92, in _hookexec
    return self._inner_hookexec(hook, methods, kwargs)
  File "/usr/lib/python3/dist-packages/pluggy/manager.py", line 83, in &lt;lambda&gt;
    self._inner_hookexec = lambda hook, methods, kwargs: hook.multicall(
  File "/usr/lib/python3/dist-packages/pluggy/callers.py", line 187, in _multicall
    res = hook_impl.function(*args)
  File "/usr/lib/python3/dist-packages/_pytest/main.py", line 333, in pytest_collection
    session.perform_collect()
  File "/usr/lib/python3/dist-packages/_pytest/main.py", line 620, in perform_collect
    rep = collect_one_node(self)
  File "/usr/lib/python3/dist-packages/_pytest/runner.py", line 458, in collect_one_node
    rep: CollectReport = ihook.pytest_make_collect_report(collector=collector)
  File "/usr/lib/python3/dist-packages/pluggy/hooks.py", line 286, in __call__
    return self._hookexec(self, self.get_hookimpls(), kwargs)
  File "/usr/lib/python3/dist-packages/pluggy/manager.py", line 92, in _hookexec
    return self._inner_hookexec(hook, methods, kwargs)
  File "/usr/lib/python3/dist-packages/pluggy/manager.py", line 83, in &lt;lambda&gt;
    self._inner_hookexec = lambda hook, methods, kwargs: hook.multicall(
  File "/usr/lib/python3/dist-packages/pluggy/callers.py", line 187, in _multicall
    res = hook_impl.function(*args)
  File "/usr/lib/python3/dist-packages/_pytest/runner.py", line 341, in pytest_make_collect_report
    call = CallInfo.from_call(lambda: list(collector.collect()), "collect")
  File "/usr/lib/python3/dist-packages/_pytest/runner.py", line 311, in from_call
    result: Optional[TResult] = func()
  File "/usr/lib/python3/dist-packages/_pytest/runner.py", line 341, in &lt;lambda&gt;
    call = CallInfo.from_call(lambda: list(collector.collect()), "collect")
  File "/usr/lib/python3/dist-packages/_pytest/main.py", line 724, in collect
    col = collect_root._collectfile(argpath, handle_dupes=False)
  File "/usr/lib/python3/dist-packages/_pytest/main.py", line 565, in _collectfile
    return ihook.pytest_collect_file(path=path, parent=self)  # type: ignore[no-any-return]
  File "/usr/lib/python3/dist-packages/pluggy/hooks.py", line 286, in __call__
    return self._hookexec(self, self.get_hookimpls(), kwargs)
  File "/usr/lib/python3/dist-packages/pluggy/manager.py", line 92, in _hookexec
    return self._inner_hookexec(hook, methods, kwargs)
  File "/usr/lib/python3/dist-packages/pluggy/manager.py", line 83, in &lt;lambda&gt;
    self._inner_hookexec = lambda hook, methods, kwargs: hook.multicall(
  File "/usr/lib/python3/dist-packages/pluggy/callers.py", line 187, in _multicall
    res = hook_impl.function(*args)
  File "/usr/lib/python3/dist-packages/_pytest/python.py", line 200, in pytest_collect_file
    module: Module = ihook.pytest_pycollect_makemodule(path=path, parent=parent)
  File "/usr/lib/python3/dist-packages/pluggy/hooks.py", line 286, in __call__
    return self._hookexec(self, self.get_hookimpls(), kwargs)
  File "/usr/lib/python3/dist-packages/pluggy/manager.py", line 92, in _hookexec
    return self._inner_hookexec(hook, methods, kwargs)
  File "/usr/lib/python3/dist-packages/pluggy/manager.py", line 83, in &lt;lambda&gt;
    self._inner_hookexec = lambda hook, methods, kwargs: hook.multicall(
  File "/usr/lib/python3/dist-packages/pluggy/callers.py", line 187, in _multicall
    res = hook_impl.function(*args)
  File "/opt/ros/humble/lib/python3.10/site-packages/launch_testing/pytest/hooks.py", line 193, in pytest_pycollect_makemodule
    entrypoint = find_launch_test_entrypoint(path)
  File "/opt/ros/humble/lib/python3.10/site-packages/launch_testing/pytest/hooks.py", line 186, in find_launch_test_entrypoint
    module = path.pyimport()
  File "/usr/lib/python3/dist-packages/py/_path/local.py", line 704, in pyimport
    __import__(modname)
  File "/usr/lib/python3/dist-packages/_pytest/assertion/rewrite.py", line 170, in exec_module
    exec(co, module.__dict__)
  File "/home/mscrobotics2425laptop7/openCV_ros2/src/vision_opencv/cv_bridge/test/enumerants.py", line 4, in &lt;module&gt;
    from cv_bridge import CvBridge, CvBridgeError, getCvType
  File "/home/mscrobotics2425laptop7/openCV_ros2/install/cv_bridge/local/lib/python3.10/dist-packages/cv_bridge/__init__.py", line 6, in &lt;module&gt;
    from cv_bridge.boost.cv_bridge_boost import cvtColorForDisplay, getCvType
AttributeError: _ARRAY_API not found
collected 2 items

../../../src/vision_opencv/cv_bridge/test/enumerants.py Fatal Python error: Segmentation fault

Current thread 0x00007c524538f1c0 (most recent call first):
  File "/home/mscrobotics2425laptop7/openCV_ros2/install/cv_bridge/local/lib/python3.10/dist-packages/cv_bridge/core.py", line 194 in imgmsg_to_cv2
  File "/home/mscrobotics2425laptop7/openCV_ros2/src/vision_opencv/cv_bridge/test/enumerants.py", line 19 in test_enumerants_cv2
  File "/usr/lib/python3.10/unittest/case.py", line 549 in _callTestMethod
  File "/usr/lib/python3.10/unittest/case.py", line 591 in run
  File "/usr/lib/python3.10/unittest/case.py", line 650 in __call__
  File "/usr/lib/python3/dist-packages/_pytest/unittest.py", line 321 in runtest
  File "/usr/lib/python3/dist-packages/_pytest/runner.py", line 162 in pytest_runtest_call
  File "/usr/lib/python3/dist-packages/pluggy/callers.py", line 187 in _multicall
  File "/usr/lib/python3/dist-packages/pluggy/manager.py", line 83 in &lt;lambda&gt;
  File "/usr/lib/python3/dist-packages/pluggy/manager.py", line 92 in _hookexec
  File "/usr/lib/python3/dist-packages/pluggy/hooks.py", line 286 in __call__
  File "/usr/lib/python3/dist-packages/_pytest/runner.py", line 255 in &lt;lambda&gt;
  File "/usr/lib/python3/dist-packages/_pytest/runner.py", line 311 in from_call
  File "/usr/lib/python3/dist-packages/_pytest/runner.py", line 254 in call_runtest_hook
  File "/usr/lib/python3/dist-packages/_pytest/runner.py", line 215 in call_and_report
  File "/usr/lib/python3/dist-packages/_pytest/runner.py", line 126 in runtestprotocol
  File "/usr/lib/python3/dist-packages/_pytest/runner.py", line 109 in pytest_runtest_protocol
  File "/usr/lib/python3/dist-packages/pluggy/callers.py", line 187 in _multicall
  File "/usr/lib/python3/dist-packages/pluggy/manager.py", line 83 in &lt;lambda&gt;
  File "/usr/lib/python3/dist-packages/pluggy/manager.py", line 92 in _hookexec
  File "/usr/lib/python3/dist-packages/pluggy/hooks.py", line 286 in __call__
  File "/usr/lib/python3/dist-packages/_pytest/main.py", line 348 in pytest_runtestloop
  File "/usr/lib/python3/dist-packages/pluggy/callers.py", line 187 in _multicall
  File "/usr/lib/python3/dist-packages/pluggy/manager.py", line 83 in &lt;lambda&gt;
  File "/usr/lib/python3/dist-packages/pluggy/manager.py", line 92 in _hookexec
  File "/usr/lib/python3/dist-packages/pluggy/hooks.py", line 286 in __call__
  File "/usr/lib/python3/dist-packages/_pytest/main.py", line 323 in _main
  File "/usr/lib/python3/dist-packages/_pytest/main.py", line 269 in wrap_session
  File "/usr/lib/python3/dist-packages/_pytest/main.py", line 316 in pytest_cmdline_main
  File "/usr/lib/python3/dist-packages/pluggy/callers.py", line 187 in _multicall
  File "/usr/lib/python3/dist-packages/pluggy/manager.py", line 83 in &lt;lambda&gt;
  File "/usr/lib/python3/dist-packages/pluggy/manager.py", line 92 in _hookexec
  File "/usr/lib/python3/dist-packages/pluggy/hooks.py", line 286 in __call__
  File "/usr/lib/python3/dist-packages/_pytest/config/__init__.py", line 162 in main
  File "/usr/lib/python3/dist-packages/_pytest/config/__init__.py", line 185 in console_main
  File "/usr/lib/python3/dist-packages/pytest/__main__.py", line 5 in &lt;module&gt;
  File "/usr/lib/python3.10/runpy.py", line 86 in _run_code
  File "/usr/lib/python3.10/runpy.py", line 196 in _run_module_as_main

Extension modules: yaml._yaml, numpy._core._multiarray_umath, numpy.linalg._umath_linalg, apt_pkg, cv_bridge.boost.cv_bridge_boost (total: 5)
-- run_test.py: return code -11
-- run_test.py: generate result file '/home/mscrobotics2425laptop7/openCV_ros2/build/cv_bridge/test_results/cv_bridge/enumerants.py.xunit.xml' with failed test
-- run_test.py: verify result file '/home/mscrobotics2425laptop7/openCV_ros2/build/cv_bridge/test_results/cv_bridge/enumerants.py.xunit.xml'
</Value>
				</Measurement>
			</Results>
			<Labels>
				<Label>pytest</Label>
			</Labels>
		</Test>
		<Test Status="failed">
			<Name>conversions.py</Name>
			<Path>./test</Path>
			<FullName>./test/conversions.py</FullName>
			<FullCommandLine>/usr/bin/python3 "-u" "/opt/ros/humble/share/ament_cmake_test/cmake/run_test.py" "/home/mscrobotics2425laptop7/openCV_ros2/build/cv_bridge/test_results/cv_bridge/conversions.py.xunit.xml" "--package-name" "cv_bridge" "--output-file" "/home/mscrobotics2425laptop7/openCV_ros2/build/cv_bridge/ament_cmake_pytest/conversions.py.txt" "--command" "/usr/bin/python3" "-u" "-m" "pytest" "/home/mscrobotics2425laptop7/openCV_ros2/src/vision_opencv/cv_bridge/test/conversions.py" "-o" "cache_dir=/home/mscrobotics2425laptop7/openCV_ros2/build/cv_bridge/test/ament_cmake_pytest/conversions.py/.cache" "--junit-xml=/home/mscrobotics2425laptop7/openCV_ros2/build/cv_bridge/test_results/cv_bridge/conversions.py.xunit.xml" "--junit-prefix=cv_bridge"</FullCommandLine>
			<Results>
				<NamedMeasurement type="text/string" name="Exit Code">
					<Value>Failed</Value>
				</NamedMeasurement>
				<NamedMeasurement type="text/string" name="Exit Value">
					<Value>1</Value>
				</NamedMeasurement>
				<NamedMeasurement type="numeric/double" name="Execution Time">
					<Value>12.9662</Value>
				</NamedMeasurement>
				<NamedMeasurement type="numeric/double" name="Processors">
					<Value>1</Value>
				</NamedMeasurement>
				<NamedMeasurement type="text/string" name="Completion Status">
					<Value>Completed</Value>
				</NamedMeasurement>
				<NamedMeasurement type="text/string" name="Command Line">
					<Value>/usr/bin/python3 "-u" "/opt/ros/humble/share/ament_cmake_test/cmake/run_test.py" "/home/mscrobotics2425laptop7/openCV_ros2/build/cv_bridge/test_results/cv_bridge/conversions.py.xunit.xml" "--package-name" "cv_bridge" "--output-file" "/home/mscrobotics2425laptop7/openCV_ros2/build/cv_bridge/ament_cmake_pytest/conversions.py.txt" "--command" "/usr/bin/python3" "-u" "-m" "pytest" "/home/mscrobotics2425laptop7/openCV_ros2/src/vision_opencv/cv_bridge/test/conversions.py" "-o" "cache_dir=/home/mscrobotics2425laptop7/openCV_ros2/build/cv_bridge/test/ament_cmake_pytest/conversions.py/.cache" "--junit-xml=/home/mscrobotics2425laptop7/openCV_ros2/build/cv_bridge/test_results/cv_bridge/conversions.py.xunit.xml" "--junit-prefix=cv_bridge"</Value>
				</NamedMeasurement>
				<NamedMeasurement type="text/string" name="Environment">
					<Value>#CTEST_RESOURCE_GROUP_COUNT=</Value>
				</NamedMeasurement>
				<Measurement>
					<Value>-- run_test.py: invoking following command in '/home/mscrobotics2425laptop7/openCV_ros2/build/cv_bridge/test':
 - /usr/bin/python3 -u -m pytest /home/mscrobotics2425laptop7/openCV_ros2/src/vision_opencv/cv_bridge/test/conversions.py -o cache_dir=/home/mscrobotics2425laptop7/openCV_ros2/build/cv_bridge/test/ament_cmake_pytest/conversions.py/.cache --junit-xml=/home/mscrobotics2425laptop7/openCV_ros2/build/cv_bridge/test_results/cv_bridge/conversions.py.xunit.xml --junit-prefix=cv_bridge
============================= test session starts ==============================
platform linux -- Python 3.10.12, pytest-6.2.5, py-1.10.0, pluggy-0.13.0
cachedir: /home/mscrobotics2425laptop7/openCV_ros2/build/cv_bridge/test/ament_cmake_pytest/conversions.py/.cache
rootdir: /home/mscrobotics2425laptop7/openCV_ros2/src/vision_opencv, configfile: pytest.ini
plugins: launch-testing-1.0.6, ament-xmllint-0.12.11, ament-flake8-0.12.11, ament-copyright-0.12.11, launch-testing-ros-0.19.7, ament-pep257-0.12.11, ament-lint-0.12.11, cov-3.0.0, colcon-core-0.18.1

A module that was compiled using NumPy 1.x cannot be run in
NumPy 2.1.3 as it may crash. To support both 1.x and 2.x
versions of NumPy, modules must be compiled with NumPy 2.0.
Some module may need to rebuild instead e.g. with 'pybind11&gt;=2.12'.

If you are a user of the module, the easiest solution will be to
downgrade to 'numpy&lt;2' or try to upgrade the affected module.
We expect that some modules will need time to support NumPy 2.

Traceback (most recent call last):  File "/usr/lib/python3.10/runpy.py", line 196, in _run_module_as_main
    return _run_code(code, main_globals, None,
  File "/usr/lib/python3.10/runpy.py", line 86, in _run_code
    exec(code, run_globals)
  File "/usr/lib/python3/dist-packages/pytest/__main__.py", line 5, in &lt;module&gt;
    raise SystemExit(pytest.console_main())
  File "/usr/lib/python3/dist-packages/_pytest/config/__init__.py", line 185, in console_main
    code = main()
  File "/usr/lib/python3/dist-packages/_pytest/config/__init__.py", line 162, in main
    ret: Union[ExitCode, int] = config.hook.pytest_cmdline_main(
  File "/usr/lib/python3/dist-packages/pluggy/hooks.py", line 286, in __call__
    return self._hookexec(self, self.get_hookimpls(), kwargs)
  File "/usr/lib/python3/dist-packages/pluggy/manager.py", line 92, in _hookexec
    return self._inner_hookexec(hook, methods, kwargs)
  File "/usr/lib/python3/dist-packages/pluggy/manager.py", line 83, in &lt;lambda&gt;
    self._inner_hookexec = lambda hook, methods, kwargs: hook.multicall(
  File "/usr/lib/python3/dist-packages/pluggy/callers.py", line 187, in _multicall
    res = hook_impl.function(*args)
  File "/usr/lib/python3/dist-packages/_pytest/main.py", line 316, in pytest_cmdline_main
    return wrap_session(config, _main)
  File "/usr/lib/python3/dist-packages/_pytest/main.py", line 269, in wrap_session
    session.exitstatus = doit(config, session) or 0
  File "/usr/lib/python3/dist-packages/_pytest/main.py", line 322, in _main
    config.hook.pytest_collection(session=session)
  File "/usr/lib/python3/dist-packages/pluggy/hooks.py", line 286, in __call__
    return self._hookexec(self, self.get_hookimpls(), kwargs)
  File "/usr/lib/python3/dist-packages/pluggy/manager.py", line 92, in _hookexec
    return self._inner_hookexec(hook, methods, kwargs)
  File "/usr/lib/python3/dist-packages/pluggy/manager.py", line 83, in &lt;lambda&gt;
    self._inner_hookexec = lambda hook, methods, kwargs: hook.multicall(
  File "/usr/lib/python3/dist-packages/pluggy/callers.py", line 187, in _multicall
    res = hook_impl.function(*args)
  File "/usr/lib/python3/dist-packages/_pytest/main.py", line 333, in pytest_collection
    session.perform_collect()
  File "/usr/lib/python3/dist-packages/_pytest/main.py", line 620, in perform_collect
    rep = collect_one_node(self)
  File "/usr/lib/python3/dist-packages/_pytest/runner.py", line 458, in collect_one_node
    rep: CollectReport = ihook.pytest_make_collect_report(collector=collector)
  File "/usr/lib/python3/dist-packages/pluggy/hooks.py", line 286, in __call__
    return self._hookexec(self, self.get_hookimpls(), kwargs)
  File "/usr/lib/python3/dist-packages/pluggy/manager.py", line 92, in _hookexec
    return self._inner_hookexec(hook, methods, kwargs)
  File "/usr/lib/python3/dist-packages/pluggy/manager.py", line 83, in &lt;lambda&gt;
    self._inner_hookexec = lambda hook, methods, kwargs: hook.multicall(
  File "/usr/lib/python3/dist-packages/pluggy/callers.py", line 187, in _multicall
    res = hook_impl.function(*args)
  File "/usr/lib/python3/dist-packages/_pytest/runner.py", line 341, in pytest_make_collect_report
    call = CallInfo.from_call(lambda: list(collector.collect()), "collect")
  File "/usr/lib/python3/dist-packages/_pytest/runner.py", line 311, in from_call
    result: Optional[TResult] = func()
  File "/usr/lib/python3/dist-packages/_pytest/runner.py", line 341, in &lt;lambda&gt;
    call = CallInfo.from_call(lambda: list(collector.collect()), "collect")
  File "/usr/lib/python3/dist-packages/_pytest/main.py", line 724, in collect
    col = collect_root._collectfile(argpath, handle_dupes=False)
  File "/usr/lib/python3/dist-packages/_pytest/main.py", line 565, in _collectfile
    return ihook.pytest_collect_file(path=path, parent=self)  # type: ignore[no-any-return]
  File "/usr/lib/python3/dist-packages/pluggy/hooks.py", line 286, in __call__
    return self._hookexec(self, self.get_hookimpls(), kwargs)
  File "/usr/lib/python3/dist-packages/pluggy/manager.py", line 92, in _hookexec
    return self._inner_hookexec(hook, methods, kwargs)
  File "/usr/lib/python3/dist-packages/pluggy/manager.py", line 83, in &lt;lambda&gt;
    self._inner_hookexec = lambda hook, methods, kwargs: hook.multicall(
  File "/usr/lib/python3/dist-packages/pluggy/callers.py", line 187, in _multicall
    res = hook_impl.function(*args)
  File "/usr/lib/python3/dist-packages/_pytest/python.py", line 200, in pytest_collect_file
    module: Module = ihook.pytest_pycollect_makemodule(path=path, parent=parent)
  File "/usr/lib/python3/dist-packages/pluggy/hooks.py", line 286, in __call__
    return self._hookexec(self, self.get_hookimpls(), kwargs)
  File "/usr/lib/python3/dist-packages/pluggy/manager.py", line 92, in _hookexec
    return self._inner_hookexec(hook, methods, kwargs)
  File "/usr/lib/python3/dist-packages/pluggy/manager.py", line 83, in &lt;lambda&gt;
    self._inner_hookexec = lambda hook, methods, kwargs: hook.multicall(
  File "/usr/lib/python3/dist-packages/pluggy/callers.py", line 187, in _multicall
    res = hook_impl.function(*args)
  File "/opt/ros/humble/lib/python3.10/site-packages/launch_testing/pytest/hooks.py", line 193, in pytest_pycollect_makemodule
    entrypoint = find_launch_test_entrypoint(path)
  File "/opt/ros/humble/lib/python3.10/site-packages/launch_testing/pytest/hooks.py", line 186, in find_launch_test_entrypoint
    module = path.pyimport()
  File "/usr/lib/python3/dist-packages/py/_path/local.py", line 704, in pyimport
    __import__(modname)
  File "/usr/lib/python3/dist-packages/_pytest/assertion/rewrite.py", line 170, in exec_module
    exec(co, module.__dict__)
  File "/home/mscrobotics2425laptop7/openCV_ros2/src/vision_opencv/cv_bridge/test/conversions.py", line 1, in &lt;module&gt;
    from cv_bridge import CvBridge, CvBridgeError
  File "/home/mscrobotics2425laptop7/openCV_ros2/install/cv_bridge/local/lib/python3.10/dist-packages/cv_bridge/__init__.py", line 6, in &lt;module&gt;
    from cv_bridge.boost.cv_bridge_boost import cvtColorForDisplay, getCvType
AttributeError: _ARRAY_API not found
collected 4 items

../../../src/vision_opencv/cv_bridge/test/conversions.py ..FFatal Python error: Segmentation fault

Current thread 0x000071c0ee9fc1c0 (most recent call first):
  File "/home/mscrobotics2425laptop7/openCV_ros2/install/cv_bridge/local/lib/python3.10/dist-packages/cv_bridge/core.py", line 194 in imgmsg_to_cv2
  File "/home/mscrobotics2425laptop7/openCV_ros2/src/vision_opencv/cv_bridge/test/conversions.py", line 10 in &lt;lambda&gt;
  File "/usr/lib/python3.10/unittest/case.py", line 201 in handle
  File "/usr/lib/python3.10/unittest/case.py", line 738 in assertRaises
  File "/home/mscrobotics2425laptop7/openCV_ros2/src/vision_opencv/cv_bridge/test/conversions.py", line 10 in test_mono16_cv2
  File "/usr/lib/python3.10/unittest/case.py", line 549 in _callTestMethod
  File "/usr/lib/python3.10/unittest/case.py", line 591 in run
  File "/usr/lib/python3.10/unittest/case.py", line 650 in __call__
  File "/usr/lib/python3/dist-packages/_pytest/unittest.py", line 321 in runtest
  File "/usr/lib/python3/dist-packages/_pytest/runner.py", line 162 in pytest_runtest_call
  File "/usr/lib/python3/dist-packages/pluggy/callers.py", line 187 in _multicall
  File "/usr/lib/python3/dist-packages/pluggy/manager.py", line 83 in &lt;lambda&gt;
  File "/usr/lib/python3/dist-packages/pluggy/manager.py", line 92 in _hookexec
  File "/usr/lib/python3/dist-packages/pluggy/hooks.py", line 286 in __call__
  File "/usr/lib/python3/dist-packages/_pytest/runner.py", line 255 in &lt;lambda&gt;
  File "/usr/lib/python3/dist-packages/_pytest/runner.py", line 311 in from_call
  File "/usr/lib/python3/dist-packages/_pytest/runner.py", line 254 in call_runtest_hook
  File "/usr/lib/python3/dist-packages/_pytest/runner.py", line 215 in call_and_report
  File "/usr/lib/python3/dist-packages/_pytest/runner.py", line 126 in runtestprotocol
  File "/usr/lib/python3/dist-packages/_pytest/runner.py", line 109 in pytest_runtest_protocol
  File "/usr/lib/python3/dist-packages/pluggy/callers.py", line 187 in _multicall
  File "/usr/lib/python3/dist-packages/pluggy/manager.py", line 83 in &lt;lambda&gt;
  File "/usr/lib/python3/dist-packages/pluggy/manager.py", line 92 in _hookexec
  File "/usr/lib/python3/dist-packages/pluggy/hooks.py", line 286 in __call__
  File "/usr/lib/python3/dist-packages/_pytest/main.py", line 348 in pytest_runtestloop
  File "/usr/lib/python3/dist-packages/pluggy/callers.py", line 187 in _multicall
  File "/usr/lib/python3/dist-packages/pluggy/manager.py", line 83 in &lt;lambda&gt;
  File "/usr/lib/python3/dist-packages/pluggy/manager.py", line 92 in _hookexec
  File "/usr/lib/python3/dist-packages/pluggy/hooks.py", line 286 in __call__
  File "/usr/lib/python3/dist-packages/_pytest/main.py", line 323 in _main
  File "/usr/lib/python3/dist-packages/_pytest/main.py", line 269 in wrap_session
  File "/usr/lib/python3/dist-packages/_pytest/main.py", line 316 in pytest_cmdline_main
  File "/usr/lib/python3/dist-packages/pluggy/callers.py", line 187 in _multicall
  File "/usr/lib/python3/dist-packages/pluggy/manager.py", line 83 in &lt;lambda&gt;
  File "/usr/lib/python3/dist-packages/pluggy/manager.py", line 92 in _hookexec
  File "/usr/lib/python3/dist-packages/pluggy/hooks.py", line 286 in __call__
  File "/usr/lib/python3/dist-packages/_pytest/config/__init__.py", line 162 in main
  File "/usr/lib/python3/dist-packages/_pytest/config/__init__.py", line 185 in console_main
  File "/usr/lib/python3/dist-packages/pytest/__main__.py", line 5 in &lt;module&gt;
  File "/usr/lib/python3.10/runpy.py", line 86 in _run_code
  File "/usr/lib/python3.10/runpy.py", line 196 in _run_module_as_main

Extension modules: yaml._yaml, numpy._core._multiarray_umath, numpy.linalg._umath_linalg, apt_pkg, cv_bridge.boost.cv_bridge_boost, numpy.random._common, numpy.random.bit_generator, numpy.random._bounded_integers, numpy.random._mt19937, numpy.random.mtrand, numpy.random._philox, numpy.random._pcg64, numpy.random._sfc64, numpy.random._generator (total: 14)
-- run_test.py: return code -11
-- run_test.py: generate result file '/home/mscrobotics2425laptop7/openCV_ros2/build/cv_bridge/test_results/cv_bridge/conversions.py.xunit.xml' with failed test
-- run_test.py: verify result file '/home/mscrobotics2425laptop7/openCV_ros2/build/cv_bridge/test_results/cv_bridge/conversions.py.xunit.xml'
</Value>
				</Measurement>
			</Results>
			<Labels>
				<Label>pytest</Label>
			</Labels>
		</Test>
		<Test Status="failed">
			<Name>python_bindings.py</Name>
			<Path>./test</Path>
			<FullName>./test/python_bindings.py</FullName>
			<FullCommandLine>/usr/bin/python3 "-u" "/opt/ros/humble/share/ament_cmake_test/cmake/run_test.py" "/home/mscrobotics2425laptop7/openCV_ros2/build/cv_bridge/test_results/cv_bridge/python_bindings.py.xunit.xml" "--package-name" "cv_bridge" "--output-file" "/home/mscrobotics2425laptop7/openCV_ros2/build/cv_bridge/ament_cmake_pytest/python_bindings.py.txt" "--command" "/usr/bin/python3" "-u" "-m" "pytest" "/home/mscrobotics2425laptop7/openCV_ros2/src/vision_opencv/cv_bridge/test/python_bindings.py" "-o" "cache_dir=/home/mscrobotics2425laptop7/openCV_ros2/build/cv_bridge/test/ament_cmake_pytest/python_bindings.py/.cache" "--junit-xml=/home/mscrobotics2425laptop7/openCV_ros2/build/cv_bridge/test_results/cv_bridge/python_bindings.py.xunit.xml" "--junit-prefix=cv_bridge"</FullCommandLine>
			<Results>
				<NamedMeasurement type="text/string" name="Exit Code">
					<Value>Failed</Value>
				</NamedMeasurement>
				<NamedMeasurement type="text/string" name="Exit Value">
					<Value>1</Value>
				</NamedMeasurement>
				<NamedMeasurement type="numeric/double" name="Execution Time">
					<Value>0.597093</Value>
				</NamedMeasurement>
				<NamedMeasurement type="numeric/double" name="Processors">
					<Value>1</Value>
				</NamedMeasurement>
				<NamedMeasurement type="text/string" name="Completion Status">
					<Value>Completed</Value>
				</NamedMeasurement>
				<NamedMeasurement type="text/string" name="Command Line">
					<Value>/usr/bin/python3 "-u" "/opt/ros/humble/share/ament_cmake_test/cmake/run_test.py" "/home/mscrobotics2425laptop7/openCV_ros2/build/cv_bridge/test_results/cv_bridge/python_bindings.py.xunit.xml" "--package-name" "cv_bridge" "--output-file" "/home/mscrobotics2425laptop7/openCV_ros2/build/cv_bridge/ament_cmake_pytest/python_bindings.py.txt" "--command" "/usr/bin/python3" "-u" "-m" "pytest" "/home/mscrobotics2425laptop7/openCV_ros2/src/vision_opencv/cv_bridge/test/python_bindings.py" "-o" "cache_dir=/home/mscrobotics2425laptop7/openCV_ros2/build/cv_bridge/test/ament_cmake_pytest/python_bindings.py/.cache" "--junit-xml=/home/mscrobotics2425laptop7/openCV_ros2/build/cv_bridge/test_results/cv_bridge/python_bindings.py.xunit.xml" "--junit-prefix=cv_bridge"</Value>
				</NamedMeasurement>
				<NamedMeasurement type="text/string" name="Environment">
					<Value>#CTEST_RESOURCE_GROUP_COUNT=</Value>
				</NamedMeasurement>
				<Measurement>
					<Value>-- run_test.py: invoking following command in '/home/mscrobotics2425laptop7/openCV_ros2/build/cv_bridge/test':
 - /usr/bin/python3 -u -m pytest /home/mscrobotics2425laptop7/openCV_ros2/src/vision_opencv/cv_bridge/test/python_bindings.py -o cache_dir=/home/mscrobotics2425laptop7/openCV_ros2/build/cv_bridge/test/ament_cmake_pytest/python_bindings.py/.cache --junit-xml=/home/mscrobotics2425laptop7/openCV_ros2/build/cv_bridge/test_results/cv_bridge/python_bindings.py.xunit.xml --junit-prefix=cv_bridge
============================= test session starts ==============================
platform linux -- Python 3.10.12, pytest-6.2.5, py-1.10.0, pluggy-0.13.0
cachedir: /home/mscrobotics2425laptop7/openCV_ros2/build/cv_bridge/test/ament_cmake_pytest/python_bindings.py/.cache
rootdir: /home/mscrobotics2425laptop7/openCV_ros2/src/vision_opencv, configfile: pytest.ini
plugins: launch-testing-1.0.6, ament-xmllint-0.12.11, ament-flake8-0.12.11, ament-copyright-0.12.11, launch-testing-ros-0.19.7, ament-pep257-0.12.11, ament-lint-0.12.11, cov-3.0.0, colcon-core-0.18.1

A module that was compiled using NumPy 1.x cannot be run in
NumPy 2.1.3 as it may crash. To support both 1.x and 2.x
versions of NumPy, modules must be compiled with NumPy 2.0.
Some module may need to rebuild instead e.g. with 'pybind11&gt;=2.12'.

If you are a user of the module, the easiest solution will be to
downgrade to 'numpy&lt;2' or try to upgrade the affected module.
We expect that some modules will need time to support NumPy 2.

Traceback (most recent call last):  File "/usr/lib/python3.10/runpy.py", line 196, in _run_module_as_main
    return _run_code(code, main_globals, None,
  File "/usr/lib/python3.10/runpy.py", line 86, in _run_code
    exec(code, run_globals)
  File "/usr/lib/python3/dist-packages/pytest/__main__.py", line 5, in &lt;module&gt;
    raise SystemExit(pytest.console_main())
  File "/usr/lib/python3/dist-packages/_pytest/config/__init__.py", line 185, in console_main
    code = main()
  File "/usr/lib/python3/dist-packages/_pytest/config/__init__.py", line 162, in main
    ret: Union[ExitCode, int] = config.hook.pytest_cmdline_main(
  File "/usr/lib/python3/dist-packages/pluggy/hooks.py", line 286, in __call__
    return self._hookexec(self, self.get_hookimpls(), kwargs)
  File "/usr/lib/python3/dist-packages/pluggy/manager.py", line 92, in _hookexec
    return self._inner_hookexec(hook, methods, kwargs)
  File "/usr/lib/python3/dist-packages/pluggy/manager.py", line 83, in &lt;lambda&gt;
    self._inner_hookexec = lambda hook, methods, kwargs: hook.multicall(
  File "/usr/lib/python3/dist-packages/pluggy/callers.py", line 187, in _multicall
    res = hook_impl.function(*args)
  File "/usr/lib/python3/dist-packages/_pytest/main.py", line 316, in pytest_cmdline_main
    return wrap_session(config, _main)
  File "/usr/lib/python3/dist-packages/_pytest/main.py", line 269, in wrap_session
    session.exitstatus = doit(config, session) or 0
  File "/usr/lib/python3/dist-packages/_pytest/main.py", line 322, in _main
    config.hook.pytest_collection(session=session)
  File "/usr/lib/python3/dist-packages/pluggy/hooks.py", line 286, in __call__
    return self._hookexec(self, self.get_hookimpls(), kwargs)
  File "/usr/lib/python3/dist-packages/pluggy/manager.py", line 92, in _hookexec
    return self._inner_hookexec(hook, methods, kwargs)
  File "/usr/lib/python3/dist-packages/pluggy/manager.py", line 83, in &lt;lambda&gt;
    self._inner_hookexec = lambda hook, methods, kwargs: hook.multicall(
  File "/usr/lib/python3/dist-packages/pluggy/callers.py", line 187, in _multicall
    res = hook_impl.function(*args)
  File "/usr/lib/python3/dist-packages/_pytest/main.py", line 333, in pytest_collection
    session.perform_collect()
  File "/usr/lib/python3/dist-packages/_pytest/main.py", line 620, in perform_collect
    rep = collect_one_node(self)
  File "/usr/lib/python3/dist-packages/_pytest/runner.py", line 458, in collect_one_node
    rep: CollectReport = ihook.pytest_make_collect_report(collector=collector)
  File "/usr/lib/python3/dist-packages/pluggy/hooks.py", line 286, in __call__
    return self._hookexec(self, self.get_hookimpls(), kwargs)
  File "/usr/lib/python3/dist-packages/pluggy/manager.py", line 92, in _hookexec
    return self._inner_hookexec(hook, methods, kwargs)
  File "/usr/lib/python3/dist-packages/pluggy/manager.py", line 83, in &lt;lambda&gt;
    self._inner_hookexec = lambda hook, methods, kwargs: hook.multicall(
  File "/usr/lib/python3/dist-packages/pluggy/callers.py", line 187, in _multicall
    res = hook_impl.function(*args)
  File "/usr/lib/python3/dist-packages/_pytest/runner.py", line 341, in pytest_make_collect_report
    call = CallInfo.from_call(lambda: list(collector.collect()), "collect")
  File "/usr/lib/python3/dist-packages/_pytest/runner.py", line 311, in from_call
    result: Optional[TResult] = func()
  File "/usr/lib/python3/dist-packages/_pytest/runner.py", line 341, in &lt;lambda&gt;
    call = CallInfo.from_call(lambda: list(collector.collect()), "collect")
  File "/usr/lib/python3/dist-packages/_pytest/main.py", line 724, in collect
    col = collect_root._collectfile(argpath, handle_dupes=False)
  File "/usr/lib/python3/dist-packages/_pytest/main.py", line 565, in _collectfile
    return ihook.pytest_collect_file(path=path, parent=self)  # type: ignore[no-any-return]
  File "/usr/lib/python3/dist-packages/pluggy/hooks.py", line 286, in __call__
    return self._hookexec(self, self.get_hookimpls(), kwargs)
  File "/usr/lib/python3/dist-packages/pluggy/manager.py", line 92, in _hookexec
    return self._inner_hookexec(hook, methods, kwargs)
  File "/usr/lib/python3/dist-packages/pluggy/manager.py", line 83, in &lt;lambda&gt;
    self._inner_hookexec = lambda hook, methods, kwargs: hook.multicall(
  File "/usr/lib/python3/dist-packages/pluggy/callers.py", line 187, in _multicall
    res = hook_impl.function(*args)
  File "/usr/lib/python3/dist-packages/_pytest/python.py", line 200, in pytest_collect_file
    module: Module = ihook.pytest_pycollect_makemodule(path=path, parent=parent)
  File "/usr/lib/python3/dist-packages/pluggy/hooks.py", line 286, in __call__
    return self._hookexec(self, self.get_hookimpls(), kwargs)
  File "/usr/lib/python3/dist-packages/pluggy/manager.py", line 92, in _hookexec
    return self._inner_hookexec(hook, methods, kwargs)
  File "/usr/lib/python3/dist-packages/pluggy/manager.py", line 83, in &lt;lambda&gt;
    self._inner_hookexec = lambda hook, methods, kwargs: hook.multicall(
  File "/usr/lib/python3/dist-packages/pluggy/callers.py", line 187, in _multicall
    res = hook_impl.function(*args)
  File "/opt/ros/humble/lib/python3.10/site-packages/launch_testing/pytest/hooks.py", line 193, in pytest_pycollect_makemodule
    entrypoint = find_launch_test_entrypoint(path)
  File "/opt/ros/humble/lib/python3.10/site-packages/launch_testing/pytest/hooks.py", line 186, in find_launch_test_entrypoint
    module = path.pyimport()
  File "/usr/lib/python3/dist-packages/py/_path/local.py", line 704, in pyimport
    __import__(modname)
  File "/usr/lib/python3/dist-packages/_pytest/assertion/rewrite.py", line 170, in exec_module
    exec(co, module.__dict__)
  File "/home/mscrobotics2425laptop7/openCV_ros2/src/vision_opencv/cv_bridge/test/python_bindings.py", line 1, in &lt;module&gt;
    import cv_bridge
  File "/home/mscrobotics2425laptop7/openCV_ros2/install/cv_bridge/local/lib/python3.10/dist-packages/cv_bridge/__init__.py", line 6, in &lt;module&gt;
    from cv_bridge.boost.cv_bridge_boost import cvtColorForDisplay, getCvType
AttributeError: _ARRAY_API not found
collected 1 item

../../../src/vision_opencv/cv_bridge/test/python_bindings.py Fatal Python error: Segmentation fault

Current thread 0x000078fee45ff1c0 (most recent call first):
  File "/home/mscrobotics2425laptop7/openCV_ros2/src/vision_opencv/cv_bridge/test/python_bindings.py", line 21 in test_cvtColorForDisplay
  File "/usr/lib/python3/dist-packages/_pytest/python.py", line 183 in pytest_pyfunc_call
  File "/usr/lib/python3/dist-packages/pluggy/callers.py", line 187 in _multicall
  File "/usr/lib/python3/dist-packages/pluggy/manager.py", line 83 in &lt;lambda&gt;
  File "/usr/lib/python3/dist-packages/pluggy/manager.py", line 92 in _hookexec
  File "/usr/lib/python3/dist-packages/pluggy/hooks.py", line 286 in __call__
  File "/usr/lib/python3/dist-packages/_pytest/python.py", line 1641 in runtest
  File "/usr/lib/python3/dist-packages/_pytest/runner.py", line 162 in pytest_runtest_call
  File "/usr/lib/python3/dist-packages/pluggy/callers.py", line 187 in _multicall
  File "/usr/lib/python3/dist-packages/pluggy/manager.py", line 83 in &lt;lambda&gt;
  File "/usr/lib/python3/dist-packages/pluggy/manager.py", line 92 in _hookexec
  File "/usr/lib/python3/dist-packages/pluggy/hooks.py", line 286 in __call__
  File "/usr/lib/python3/dist-packages/_pytest/runner.py", line 255 in &lt;lambda&gt;
  File "/usr/lib/python3/dist-packages/_pytest/runner.py", line 311 in from_call
  File "/usr/lib/python3/dist-packages/_pytest/runner.py", line 254 in call_runtest_hook
  File "/usr/lib/python3/dist-packages/_pytest/runner.py", line 215 in call_and_report
  File "/usr/lib/python3/dist-packages/_pytest/runner.py", line 126 in runtestprotocol
  File "/usr/lib/python3/dist-packages/_pytest/runner.py", line 109 in pytest_runtest_protocol
  File "/usr/lib/python3/dist-packages/pluggy/callers.py", line 187 in _multicall
  File "/usr/lib/python3/dist-packages/pluggy/manager.py", line 83 in &lt;lambda&gt;
  File "/usr/lib/python3/dist-packages/pluggy/manager.py", line 92 in _hookexec
  File "/usr/lib/python3/dist-packages/pluggy/hooks.py", line 286 in __call__
  File "/usr/lib/python3/dist-packages/_pytest/main.py", line 348 in pytest_runtestloop
  File "/usr/lib/python3/dist-packages/pluggy/callers.py", line 187 in _multicall
  File "/usr/lib/python3/dist-packages/pluggy/manager.py", line 83 in &lt;lambda&gt;
  File "/usr/lib/python3/dist-packages/pluggy/manager.py", line 92 in _hookexec
  File "/usr/lib/python3/dist-packages/pluggy/hooks.py", line 286 in __call__
  File "/usr/lib/python3/dist-packages/_pytest/main.py", line 323 in _main
  File "/usr/lib/python3/dist-packages/_pytest/main.py", line 269 in wrap_session
  File "/usr/lib/python3/dist-packages/_pytest/main.py", line 316 in pytest_cmdline_main
  File "/usr/lib/python3/dist-packages/pluggy/callers.py", line 187 in _multicall
  File "/usr/lib/python3/dist-packages/pluggy/manager.py", line 83 in &lt;lambda&gt;
  File "/usr/lib/python3/dist-packages/pluggy/manager.py", line 92 in _hookexec
  File "/usr/lib/python3/dist-packages/pluggy/hooks.py", line 286 in __call__
  File "/usr/lib/python3/dist-packages/_pytest/config/__init__.py", line 162 in main
  File "/usr/lib/python3/dist-packages/_pytest/config/__init__.py", line 185 in console_main
  File "/usr/lib/python3/dist-packages/pytest/__main__.py", line 5 in &lt;module&gt;
  File "/usr/lib/python3.10/runpy.py", line 86 in _run_code
  File "/usr/lib/python3.10/runpy.py", line 196 in _run_module_as_main

Extension modules: yaml._yaml, numpy._core._multiarray_umath, numpy.linalg._umath_linalg, apt_pkg, cv_bridge.boost.cv_bridge_boost (total: 5)
-- run_test.py: return code -11
-- run_test.py: generate result file '/home/mscrobotics2425laptop7/openCV_ros2/build/cv_bridge/test_results/cv_bridge/python_bindings.py.xunit.xml' with failed test
-- run_test.py: verify result file '/home/mscrobotics2425laptop7/openCV_ros2/build/cv_bridge/test_results/cv_bridge/python_bindings.py.xunit.xml'
</Value>
				</Measurement>
			</Results>
			<Labels>
				<Label>pytest</Label>
			</Labels>
		</Test>
		<EndDateTime>Nov 29 10:47 GMT</EndDateTime>
		<EndTestTime>1732877271</EndTestTime>
		<ElapsedMinutes>0</ElapsedMinutes>
	</Testing>
</Site>
