<?xml version="1.0" encoding="UTF-8"?>
<testsuites tests="12" failures="0" disabled="0" errors="0" time="3.649" timestamp="2024-11-29T10:59:17" name="AllTests">
  <testsuite name="PinholeTest" tests="12" failures="0" disabled="0" errors="0" time="3.649" timestamp="2024-11-29T10:59:17">
    <testcase name="accessorsCorrect" status="run" result="completed" time="0.001" timestamp="2024-11-29T10:59:17" classname="image_geometry.PinholeTest" />
    <testcase name="projectPoint" status="run" result="completed" time="0.001" timestamp="2024-11-29T10:59:17" classname="image_geometry.PinholeTest" />
    <testcase name="rectifyPoint" status="run" result="completed" time="0.042" timestamp="2024-11-29T10:59:17" classname="image_geometry.PinholeTest" />
    <testcase name="getDeltas" status="run" result="completed" time="0" timestamp="2024-11-29T10:59:18" classname="image_geometry.PinholeTest" />
    <testcase name="initialization" status="run" result="completed" time="0" timestamp="2024-11-29T10:59:18" classname="image_geometry.PinholeTest" />
    <testcase name="rectifyIfCalibrated" status="run" result="completed" time="0.014" timestamp="2024-11-29T10:59:18" classname="image_geometry.PinholeTest" />
    <testcase name="unrectifyImage" status="run" result="completed" time="1.788" timestamp="2024-11-29T10:59:18" classname="image_geometry.PinholeTest" />
    <testcase name="unrectifyImageWithBinning" status="run" result="completed" time="0.665" timestamp="2024-11-29T10:59:19" classname="image_geometry.PinholeTest" />
    <testcase name="unrectifyImageWithRoi" status="run" result="completed" time="0.909" timestamp="2024-11-29T10:59:20" classname="image_geometry.PinholeTest" />
    <testcase name="unrectifyImageWithBinningAndRoi" status="run" result="completed" time="0.229" timestamp="2024-11-29T10:59:21" classname="image_geometry.PinholeTest" />
    <testcase name="rectifiedRoiSize" status="run" result="completed" time="0" timestamp="2024-11-29T10:59:21" classname="image_geometry.PinholeTest" />
    <testcase name="rectifiedRoiCaching" status="run" result="completed" time="0" timestamp="2024-11-29T10:59:21" classname="image_geometry.PinholeTest" />
  </testsuite>
</testsuites>
